<?xml version="1.0" encoding="UTF-8"?>
<testsuites name="MICA 4 E2E Tests" tests="4" failures="4" errors="0" time="4.743">
  <testsuite name="login tests" errors="0" failures="3" skipped="0" timestamp="2022-08-08T11:05:43" time="3.095" tests="3">
    <testcase classname="login tests › when the user logs in with valid test credentials-successfully logs the user in" name="login tests › when the user logs in with valid test credentials-successfully logs the user in" time="0.002">
      <failure>TypeError: ensek_api_test_app_actions_1.EnsekApiTestAppActions.login is not a function
    at Object.&lt;anonymous&gt; (F:\Projects\ensek\E2ETests\test\specs\login.spec.ts:8:42)
    at Object.asyncJestTest (F:\Projects\ensek\E2ETests\node_modules\jest-jasmine2\build\jasmineAsyncInstall.js:106:37)
    at F:\Projects\ensek\E2ETests\node_modules\jest-jasmine2\build\queueRunner.js:45:12
    at new Promise (&lt;anonymous&gt;)
    at mapper (F:\Projects\ensek\E2ETests\node_modules\jest-jasmine2\build\queueRunner.js:28:19)
    at F:\Projects\ensek\E2ETests\node_modules\jest-jasmine2\build\queueRunner.js:75:41
    at processTicksAndRejections (node:internal/process/task_queues:96:5)</failure>
    </testcase>
    <testcase classname="login tests › when the user logs in with invalid credentials-prevents the user from logging in" name="login tests › when the user logs in with invalid credentials-prevents the user from logging in" time="0">
      <failure>TypeError: ensek_api_test_app_actions_1.EnsekApiTestAppActions.login is not a function
    at Object.&lt;anonymous&gt; (F:\Projects\ensek\E2ETests\test\specs\login.spec.ts:15:42)
    at Object.asyncJestTest (F:\Projects\ensek\E2ETests\node_modules\jest-jasmine2\build\jasmineAsyncInstall.js:106:37)
    at F:\Projects\ensek\E2ETests\node_modules\jest-jasmine2\build\queueRunner.js:45:12
    at new Promise (&lt;anonymous&gt;)
    at mapper (F:\Projects\ensek\E2ETests\node_modules\jest-jasmine2\build\queueRunner.js:28:19)
    at F:\Projects\ensek\E2ETests\node_modules\jest-jasmine2\build\queueRunner.js:75:41
    at processTicksAndRejections (node:internal/process/task_queues:96:5)</failure>
    </testcase>
    <testcase classname="login tests › when the user logs in with blank credentials-prevents the user from logging in" name="login tests › when the user logs in with blank credentials-prevents the user from logging in" time="0">
      <failure>TypeError: ensek_api_test_app_actions_1.EnsekApiTestAppActions.login is not a function
    at Object.&lt;anonymous&gt; (F:\Projects\ensek\E2ETests\test\specs\login.spec.ts:22:42)
    at Object.asyncJestTest (F:\Projects\ensek\E2ETests\node_modules\jest-jasmine2\build\jasmineAsyncInstall.js:106:37)
    at F:\Projects\ensek\E2ETests\node_modules\jest-jasmine2\build\queueRunner.js:45:12
    at new Promise (&lt;anonymous&gt;)
    at mapper (F:\Projects\ensek\E2ETests\node_modules\jest-jasmine2\build\queueRunner.js:28:19)
    at F:\Projects\ensek\E2ETests\node_modules\jest-jasmine2\build\queueRunner.js:75:41
    at processTicksAndRejections (node:internal/process/task_queues:96:5)</failure>
    </testcase>
  </testsuite>
  <testsuite name="purchase energy tests" errors="0" failures="1" skipped="0" timestamp="2022-08-08T11:05:43" time="3.106" tests="1">
    <testcase classname="purchase energy tests › when -" name="purchase energy tests › when -" time="0.001">
      <failure>TypeError: ensek_api_test_app_actions_1.EnsekApiTestAppActions.getCurrentEnergySupply is not a function
    at Object.&lt;anonymous&gt; (F:\Projects\ensek\E2ETests\test\specs\purchase-energy.spec.ts:6:32)
    at Object.asyncJestLifecycle (F:\Projects\ensek\E2ETests\node_modules\jest-jasmine2\build\jasmineAsyncInstall.js:58:37)
    at F:\Projects\ensek\E2ETests\node_modules\jest-jasmine2\build\queueRunner.js:45:12
    at new Promise (&lt;anonymous&gt;)
    at mapper (F:\Projects\ensek\E2ETests\node_modules\jest-jasmine2\build\queueRunner.js:28:19)
    at F:\Projects\ensek\E2ETests\node_modules\jest-jasmine2\build\queueRunner.js:75:41
    at processTicksAndRejections (node:internal/process/task_queues:96:5)</failure>
    </testcase>
  </testsuite>
</testsuites>